<?xml version="1.0" encoding="UTF-8"?>
<testsuite xmlns:xsi="http://www.w3.org/2001/XMLSchema-instance" xsi:noNamespaceSchemaLocation="https://maven.apache.org/surefire/maven-surefire-plugin/xsd/surefire-test-report-3.0.xsd" version="3.0" name="HomepageTest" time="1.223" tests="1" errors="1" skipped="0" failures="0">
  <properties>
[...]
</properties>
  <testcase name="testAppOpen" classname="HomepageTest" time="1.174">
    <error message="Appium HTTP server has started and is listening although we were unable to get an OK response from http://127.0.0.1:4723/status. Make sure both the client and the server use the same base path &apos;/&apos; and check the server log for possible error messages occurrences.&#10;Response status code: 404&#10;Response payload: {&quot;status&quot;:9,&quot;value&quot;:{&quot;error&quot;:&quot;unknown command&quot;,&quot;message&quot;:&quot;The requested resource could not be found, or a request was received using an HTTP method that is not supported by the mapped resource&quot;,&quot;stacktrace&quot;:&quot;&quot;}}&#10;Node.js executable path: C:\Program Files\nodejs\node.exe&#10;Arguments: [C:\Users\Student-Day-1\AppData\Roaming\npm\node_modules\appium\build\lib\main.js, --port, 4723, --address, 0.0.0.0]" type="io.appium.java_client.service.local.AppiumServerHasNotBeenStartedLocallyException"><![CDATA[io.appium.java_client.service.local.AppiumServerHasNotBeenStartedLocallyException: 
Appium HTTP server has started and is listening although we were unable to get an OK response from http://127.0.0.1:4723/status. Make sure both the client and the server use the same base path '/' and check the server log for possible error messages occurrences.
Response status code: 404
Response payload: {"status":9,"value":{"error":"unknown command","message":"The requested resource could not be found, or a request was received using an HTTP method that is not supported by the mapped resource","stacktrace":""}}
Node.js executable path: C:\Program Files\nodejs\node.exe
Arguments: [C:\Users\Student-Day-1\AppData\Roaming\npm\node_modules\appium\build\lib\main.js, --port, 4723, --address, 0.0.0.0]
	at io.appium.java_client.service.local.AppiumDriverLocalService.start(AppiumDriverLocalService.java:193)
	at Base.setUp(Base.java:25)
	at java.base/java.lang.reflect.Method.invoke(Method.java:568)
	at java.base/java.util.ArrayList.forEach(ArrayList.java:1511)
	at java.base/java.util.ArrayList.forEach(ArrayList.java:1511)
Caused by: io.appium.java_client.service.local.AppiumServerAvailabilityChecker$ConnectionError: ConnectionError
	at io.appium.java_client.service.local.AppiumServerAvailabilityChecker.checkResponse(AppiumServerAvailabilityChecker.java:91)
	at io.appium.java_client.service.local.AppiumServerAvailabilityChecker.waitUntilAvailable(AppiumServerAvailabilityChecker.java:62)
	at io.appium.java_client.service.local.AppiumDriverLocalService.ping(AppiumDriverLocalService.java:145)
	at io.appium.java_client.service.local.AppiumDriverLocalService.start(AppiumDriverLocalService.java:186)
	... 4 more
]]></error>
    <system-err><![CDATA[SLF4J: No SLF4J providers were found.
SLF4J: Defaulting to no-operation (NOP) logger implementation
SLF4J: See http://www.slf4j.org/codes.html#noProviders for further details.
]]></system-err>
  </testcase>
</testsuite>